 
****************************************
Report : area
Design : huff_encoder
Version: T-2022.03-SP2
Date   : Thu Apr  6 15:14:23 2023
****************************************

Information: Updating design information... (UID-85)
Library(s) Used:

    NangateOpenCellLibrary (File: /afs/ece.cmu.edu/usr/araghave/nv_small/hw/tubgemm/NangateOpenCellLibrary_typical_ccs.db)

Number of ports:                          534
Number of nets:                          3891
Number of cells:                         3208
Number of combinational cells:           2698
Number of sequential cells:               447
Number of macros/black boxes:               0
Number of buf/inv:                        584
Number of references:                      39

Combinational area:               3301.857994
Buf/Inv area:                      342.342001
Noncombinational area:            2022.397927
Macro/Black Box area:                0.000000
Net Interconnect area:      undefined  (Wire load has zero net area)

Total cell area:                  5324.255920
Total area:                 undefined

Hierarchical area distribution
------------------------------

                                  Global cell area          Local cell area
                                  ------------------  ---------------------------- 
Hierarchical cell                 Absolute   Percent  Combi-     Noncombi-  Black-
                                  Total      Total    national   national   boxes   Design
--------------------------------  ---------  -------  ---------  ---------  ------  ---------------------------------
huff_encoder                      5324.2559    100.0  2068.1500  1439.0599  0.0000  huff_encoder
freq_calc_ins                      655.1580     12.3   492.3660   162.7920  0.0000  freq_calc
merge_nodes_ins                     63.3080      1.2    26.6000     0.0000  0.0000  merge_nodes
merge_nodes_ins/add_325             36.7080      0.7    36.7080     0.0000  0.0000  merge_nodes_DW01_add_0_DW01_add_1
node_sorter_ins                   1098.5800     20.6   678.0340   420.5460  0.0000  node_sorter
--------------------------------  ---------  -------  ---------  ---------  ------  ---------------------------------
Total                                                 3301.8580  2022.3979  0.0000

1
