 
****************************************
Report : timing
        -path full
        -delay max
        -max_paths 1
Design : huff_encoder
Version: T-2022.03-SP2
Date   : Thu Apr  6 15:14:24 2023
****************************************

Operating Conditions: typical   Library: NangateOpenCellLibrary
Wire Load Model Mode: top

  Startpoint: huff_tree_reg[2][ascii_char][0]
              (rising edge-triggered flip-flop clocked by clk)
  Endpoint: huff_tree_reg[5][level][2]
            (rising edge-triggered flip-flop clocked by clk)
  Path Group: clk
  Path Type: max

  Des/Clust/Port     Wire Load Model       Library
  ------------------------------------------------
  huff_encoder       5K_hvratio_1_1        NangateOpenCellLibrary

  Point                                                   Incr       Path
  --------------------------------------------------------------------------
  clock clk (rise edge)                                   0.00       0.00
  clock network delay (ideal)                             0.00       0.00
  huff_tree_reg[2][ascii_char][0]/CK (DFF_X2)             0.00       0.00 r
  huff_tree_reg[2][ascii_char][0]/QN (DFF_X2)             0.13       0.13 f
  U2731/ZN (XNOR2_X1)                                     0.07       0.20 r
  U2730/ZN (NAND4_X1)                                     0.05       0.25 f
  U2729/ZN (OAI22_X1)                                     0.08       0.33 r
  U1492/ZN (AND2_X1)                                      0.07       0.40 r
  U2197/ZN (NOR2_X1)                                      0.03       0.43 f
  U2196/Z (MUX2_X1)                                       0.07       0.50 r
  U2195/ZN (INV_X1)                                       0.03       0.53 f
  U2194/Z (MUX2_X1)                                       0.08       0.60 f
  U1531/Z (MUX2_X2)                                       0.08       0.68 f
  U1530/ZN (INV_X1)                                       0.04       0.72 r
  U1529/ZN (NAND2_X1)                                     0.03       0.75 f
  U1471/ZN (AND2_X1)                                      0.05       0.80 f
  U2176/ZN (NAND2_X1)                                     0.04       0.83 r
  U1541/ZN (NAND2_X1)                                     0.03       0.87 f
  U2175/ZN (NAND2_X1)                                     0.04       0.91 r
  U1535/ZN (NAND2_X1)                                     0.04       0.94 f
  U1522/ZN (NAND2_X1)                                     0.03       0.97 r
  U1524/ZN (NAND2_X1)                                     0.03       1.01 f
  U1509/ZN (AOI21_X1)                                     0.06       1.06 r
  U2174/ZN (INV_X1)                                       0.03       1.09 f
  U2173/ZN (NOR2_X1)                                      0.05       1.15 r
  U2170/ZN (OAI21_X1)                                     0.05       1.20 f
  U1506/ZN (NOR2_X1)                                      0.06       1.26 r
  U2169/ZN (NOR2_X1)                                      0.03       1.29 f
  U1528/ZN (NOR2_X1)                                      0.05       1.34 r
  U1495/Z (MUX2_X1)                                       0.05       1.39 r
  U2131/ZN (INV_X1)                                       0.03       1.42 f
  U1587/ZN (AOI21_X1)                                     0.06       1.49 r
  U1498/ZN (NOR2_X1)                                      0.04       1.52 f
  U1516/ZN (NAND2_X1)                                     0.04       1.56 r
  U1518/ZN (NAND2_X1)                                     0.03       1.59 f
  U2129/Z (MUX2_X1)                                       0.07       1.66 f
  U2128/ZN (INV_X1)                                       0.03       1.69 r
  U1525/ZN (AND2_X1)                                      0.04       1.74 r
  U1526/ZN (NOR2_X1)                                      0.02       1.76 f
  U1489/ZN (NAND2_X1)                                     0.03       1.79 r
  U1479/ZN (AND2_X1)                                      0.05       1.84 r
  U2092/ZN (OAI211_X1)                                    0.05       1.89 f
  U2091/ZN (NAND3_X1)                                     0.04       1.92 r
  U2089/ZN (OAI211_X1)                                    0.06       1.99 f
  U1520/ZN (NAND2_X1)                                     0.04       2.03 r
  U1521/ZN (NAND2_X1)                                     0.03       2.06 f
  U1532/ZN (OR2_X1)                                       0.06       2.12 f
  U1533/ZN (NAND2_X1)                                     0.03       2.15 r
  U2001/Z (MUX2_X1)                                       0.05       2.20 r
  U1537/ZN (NAND2_X1)                                     0.03       2.23 f
  U2000/ZN (NAND2_X1)                                     0.05       2.28 r
  U1999/ZN (XNOR2_X1)                                     0.07       2.35 r
  U1499/ZN (NAND2_X1)                                     0.03       2.38 f
  U1501/ZN (NAND2_X1)                                     0.03       2.41 r
  U1989/ZN (OAI211_X1)                                    0.03       2.45 f
  huff_tree_reg[5][level][2]/D (DFF_X1)                   0.01       2.45 f
  data arrival time                                                  2.45

  clock clk (rise edge)                                   2.50       2.50
  clock network delay (ideal)                             0.00       2.50
  huff_tree_reg[5][level][2]/CK (DFF_X1)                  0.00       2.50 r
  library setup time                                     -0.04       2.46
  data required time                                                 2.46
  --------------------------------------------------------------------------
  data required time                                                 2.46
  data arrival time                                                 -2.45
  --------------------------------------------------------------------------
  slack (MET)                                                        0.00


1
