# Preference setting overrides
gui_create_pref_key -category {Globals} -key {load_detail_for_funcov} -value_type {bool} -value {false}

# State setting overrides
gui_state_default_create -off -ini
gui_set_state_value -category Globals -key recent_databases -value {{gui_open_db -file /afs/ece.cmu.edu/usr/araghave/nv_small/hw/tubgemm/nv_small_DWYES/vmod/nvdla/cmac/inter.vpd -design V1}}
gui_set_state_value -category Globals -key recent_sessions -value {{gui_load_session -ignore_errors -file /afs/ece.cmu.edu/usr/araghave/nv_small/hw/tubgemm/nv_small_DWYES/vmod/nvdla/cmac/session.inter.vpd.tcl -ignore_errors} {gui_load_session -ignore_errors -file /afs/ece.cmu.edu/usr/araghave/nv_small/hw/tubgemm/nv_small_DWYES/vmod/nvdla/cmac/session.inter.vpd.tcl}}
gui_set_state_value -category Layout -key child_console_size_x -value 1917
gui_set_state_value -category Layout -key child_console_size_y -value 348
gui_set_state_value -category Layout -key child_data_coltype -value 148
gui_set_state_value -category Layout -key child_data_colvalue -value 39
gui_set_state_value -category Layout -key child_data_colvariable -value 291
gui_set_state_value -category Layout -key child_data_size_x -value 456
gui_set_state_value -category Layout -key child_data_size_y -value 551
gui_set_state_value -category Layout -key child_driver_size_x -value 1623
gui_set_state_value -category Layout -key child_driver_size_y -value 361
gui_set_state_value -category Layout -key child_hier_col3 -value {-1}
gui_set_state_value -category Layout -key child_hier_colhier -value 376
gui_set_state_value -category Layout -key child_hier_colpd -value 0
gui_set_state_value -category Layout -key child_hier_coltype -value 25
gui_set_state_value -category Layout -key child_hier_size_x -value 398
gui_set_state_value -category Layout -key child_hier_size_y -value 551
gui_set_state_value -category Layout -key child_hier_sort_order -value 1
gui_set_state_value -category Layout -key child_list_down -value 759
gui_set_state_value -category Layout -key child_list_right -value 1764
gui_set_state_value -category Layout -key child_source_docknewline -value false
gui_set_state_value -category Layout -key child_source_pos_x -value {-2}
gui_set_state_value -category Layout -key child_source_pos_y -value {-15}
gui_set_state_value -category Layout -key child_source_size_x -value 1066
gui_set_state_value -category Layout -key child_source_size_y -value 546
gui_set_state_value -category Layout -key child_wave_colname -value 276
gui_set_state_value -category Layout -key child_wave_colvalue -value 276
gui_set_state_value -category Layout -key child_wave_left -value 556
gui_set_state_value -category Layout -key child_wave_right -value 1356
gui_set_state_value -category Layout -key main_pos_x -value 1920
gui_set_state_value -category Layout -key main_pos_y -value 23
gui_set_state_value -category Layout -key main_size_x -value 3837
gui_set_state_value -category Layout -key main_size_y -value 1029
gui_set_state_value -category Layout -key stand_list_child_docknewline -value false
gui_set_state_value -category Layout -key stand_list_child_pos_x -value {-2}
gui_set_state_value -category Layout -key stand_list_child_pos_y -value {-15}
gui_set_state_value -category Layout -key stand_list_child_size_x -value 1924
gui_set_state_value -category Layout -key stand_list_child_size_y -value 904
gui_set_state_value -category Layout -key stand_list_top_pos_x -value 1920
gui_set_state_value -category Layout -key stand_list_top_pos_y -value 23
gui_set_state_value -category Layout -key stand_list_top_size_x -value 3839
gui_set_state_value -category Layout -key stand_list_top_size_y -value 1031
gui_set_state_value -category Layout -key stand_wave_child_docknewline -value false
gui_set_state_value -category Layout -key stand_wave_child_pos_x -value {-2}
gui_set_state_value -category Layout -key stand_wave_child_pos_y -value {-15}
gui_set_state_value -category Layout -key stand_wave_child_size_x -value 1922
gui_set_state_value -category Layout -key stand_wave_child_size_y -value 894
gui_set_state_value -category Layout -key stand_wave_top_pos_x -value 1920
gui_set_state_value -category Layout -key stand_wave_top_pos_y -value 23
gui_set_state_value -category Layout -key stand_wave_top_size_x -value 3837
gui_set_state_value -category Layout -key stand_wave_top_size_y -value 1029
gui_create_state_key -category FindDialog -key m_pMatchCase -value_type bool -value false
gui_create_state_key -category FindDialog -key m_pMatchWord -value_type bool -value false
gui_create_state_key -category FindDialog -key m_pUseCombo -value_type string -value {}
gui_create_state_key -category FindDialog -key m_pWrapAround -value_type bool -value true
gui_create_state_key -category Widget_History -key TopLevel.1|qt_left_dock|DockWnd2|DLPane.1|pages|Data.1|hbox|textfilter -value_type string -value {*clk* *sum* e* en}
gui_create_state_key -category Widget_History -key dlgSearchValue|m_ValueComboBox -value_type string -value 129032
gui_create_state_key -category SearchDialog -key MatchCase -value_type bool -value false
gui_create_state_key -category SearchDialog -key MatchWord -value_type bool -value true
gui_create_state_key -category SearchDialog -key SearchMode -value_type string -value Wildcards
gui_create_state_key -category SearchDialog -key UseCombo -value_type bool -value true
gui_state_default_create -off

# Begin command logging
gui_sim_run Ucli -exe simv -args {-ucligui  } -dir .
gui_list_expand -id  Hier.1   tb_top
gui_list_select -id Hier.1 -current_item_name tb_top.DUT -current_item_type Scope  -selected  { tb_top.DUT   }
gui_list_expand -id  Hier.1   tb_top.DUT
gui_list_select -id Data.1 -selected  { {tb_top.DUT.data[0:4][6:0]}   }
gui_list_select -id Data.1 { {tb_top.DUT.count[31:0]}  {tb_top.DUT.unique_char_count[31:0]}  {tb_top.DUT.node[0:4]}  {tb_top.DUT.initial_node[0:4]}  {tb_top.DUT.state[2:0]}  {tb_top.DUT.huff_tree[0:9]}  {tb_top.DUT.in_huff_tree[0:4][0:4]}  {tb_top.DUT.out_huff_tree[0:4][0:5]}  {tb_top.DUT.index[31:0]}  {tb_top.DUT.ll[31:0]}  tb_top.DUT.merged_nodes_list  {tb_top.DUT.out_huff_tree_s[0:4]}   }
gui_open_window Wave
gui_list_add -id Wave.1 -from Data.1 { {tb_top.DUT.data[0:4][6:0]} {tb_top.DUT.count[31:0]} {tb_top.DUT.unique_char_count[31:0]} {tb_top.DUT.node[0:4]} {tb_top.DUT.initial_node[0:4]} {tb_top.DUT.state[2:0]} {tb_top.DUT.huff_tree[0:9]} {tb_top.DUT.in_huff_tree[0:4][0:4]} {tb_top.DUT.out_huff_tree[0:4][0:5]} {tb_top.DUT.index[31:0]} {tb_top.DUT.ll[31:0]} tb_top.DUT.merged_nodes_list {tb_top.DUT.out_huff_tree_s[0:4]} } -insertionbar
gui_sim_continue  
gui_wv_zoom_timerange -id  Wave.1 1398 1843
gui_zoom -window Wave.1 -full
gui_zoom -window Wave.1 -full
gui_list_select -id Wave.1 -selected  { {tb_top.DUT.out_huff_tree_s[0:4]}   }
gui_list_expand -id  Wave.1   {tb_top.DUT.out_huff_tree_s[0:4]}
gui_wv_zoom_timerange -id  Wave.1 121 550
gui_list_select -id Data.1 -selected  { tb_top.DUT.clk   }
gui_list_add -id Wave.1 -from Data.1 { tb_top.DUT.clk } -insertionbar
gui_sim_restart
gui_zoom -window Wave.1 -full
gui_sim_continue  
gui_zoom -window Wave.1 -full
gui_wv_zoom_timerange -id  Wave.1 107 435
gui_marker_move -id  Wave.1 C1 180
gui_list_expand -id  Wave.1   {tb_top.DUT.out_huff_tree[0:4][0:5]}
gui_list_select -id Wave.1 -selected  { {tb_top.DUT.out_huff_tree[0][0:5]}   }
gui_list_expand -id  Wave.1   {tb_top.DUT.out_huff_tree[0][0:5]}
gui_list_expand -id  Hier.1   tb_top.DUT
