# Preference setting overrides
gui_create_pref_key -category {Globals} -key {load_detail_for_funcov} -value_type {bool} -value {false}
gui_create_pref_category -category {schem_obj_name}
gui_create_pref_key -category {schem_obj_name} -key {show_cell_and_pin_with_symbol_name} -value_type {bool} -value {false}
gui_create_pref_key -category {schem_pin_hc} -key {textExtFont} -value_type {string} -value {Helvetica,10,-1,5,50,0,0,0,0,0}

# State setting overrides
gui_state_default_create -off -ini
gui_set_state_value -category Globals -key recent_databases -value {{gui_open_db -file /afs/ece.cmu.edu/usr/araghave/nv_small/hw/tubgemm/nv_small_DWYES/vmod/nvdla/cmac/inter.vpd -design V1}}
gui_set_state_value -category Globals -key recent_sessions -value {{gui_load_session -ignore_errors -file /afs/ece.cmu.edu/usr/araghave/nv_small/hw/tubgemm/nv_small_DWYES/vmod/nvdla/cmac/session.inter.vpd.tcl -ignore_errors} {gui_load_session -ignore_errors -file /afs/ece.cmu.edu/usr/araghave/nv_small/hw/tubgemm/nv_small_DWYES/vmod/nvdla/cmac/session.inter.vpd.tcl}}
gui_set_state_value -category Layout -key child_console_size_x -value 1895
gui_set_state_value -category Layout -key child_console_size_y -value 258
gui_set_state_value -category Layout -key child_data_coltype -value 148
gui_set_state_value -category Layout -key child_data_colvalue -value 39
gui_set_state_value -category Layout -key child_data_colvariable -value 291
gui_set_state_value -category Layout -key child_data_size_x -value 366
gui_set_state_value -category Layout -key child_data_size_y -value 548
gui_set_state_value -category Layout -key child_driver_size_x -value 1623
gui_set_state_value -category Layout -key child_driver_size_y -value 361
gui_set_state_value -category Layout -key child_hier_col3 -value {-1}
gui_set_state_value -category Layout -key child_hier_colhier -value 376
gui_set_state_value -category Layout -key child_hier_colpd -value 0
gui_set_state_value -category Layout -key child_hier_coltype -value 25
gui_set_state_value -category Layout -key child_hier_size_x -value 308
gui_set_state_value -category Layout -key child_hier_size_y -value 548
gui_set_state_value -category Layout -key child_hier_sort_order -value 1
gui_set_state_value -category Layout -key child_list_down -value 759
gui_set_state_value -category Layout -key child_list_right -value 1764
gui_set_state_value -category Layout -key child_schematic_docknewline -value false
gui_set_state_value -category Layout -key child_schematic_pos_x -value {-2}
gui_set_state_value -category Layout -key child_schematic_pos_y -value {-15}
gui_set_state_value -category Layout -key child_schematic_size_x -value 1192
gui_set_state_value -category Layout -key child_schematic_size_y -value 575
gui_set_state_value -category Layout -key child_source_docknewline -value false
gui_set_state_value -category Layout -key child_source_pos_x -value {-2}
gui_set_state_value -category Layout -key child_source_pos_y -value {-15}
gui_set_state_value -category Layout -key child_source_size_x -value 1224
gui_set_state_value -category Layout -key child_source_size_y -value 543
gui_set_state_value -category Layout -key child_wave_colname -value 267
gui_set_state_value -category Layout -key child_wave_colvalue -value 286
gui_set_state_value -category Layout -key child_wave_left -value 557
gui_set_state_value -category Layout -key child_wave_right -value 1357
gui_set_state_value -category Layout -key main_pos_x -value 12
gui_set_state_value -category Layout -key main_pos_y -value 46
gui_set_state_value -category Layout -key main_size_x -value 1907
gui_set_state_value -category Layout -key main_size_y -value 959
gui_set_state_value -category Layout -key stand_list_child_docknewline -value false
gui_set_state_value -category Layout -key stand_list_child_pos_x -value {-2}
gui_set_state_value -category Layout -key stand_list_child_pos_y -value {-15}
gui_set_state_value -category Layout -key stand_list_child_size_x -value 1924
gui_set_state_value -category Layout -key stand_list_child_size_y -value 904
gui_set_state_value -category Layout -key stand_list_top_pos_x -value 1920
gui_set_state_value -category Layout -key stand_list_top_pos_y -value 23
gui_set_state_value -category Layout -key stand_list_top_size_x -value 3839
gui_set_state_value -category Layout -key stand_list_top_size_y -value 1031
gui_set_state_value -category Layout -key stand_wave_child_docknewline -value false
gui_set_state_value -category Layout -key stand_wave_child_pos_x -value {-2}
gui_set_state_value -category Layout -key stand_wave_child_pos_y -value {-15}
gui_set_state_value -category Layout -key stand_wave_child_size_x -value 1924
gui_set_state_value -category Layout -key stand_wave_child_size_y -value 861
gui_set_state_value -category Layout -key stand_wave_top_pos_x -value 0
gui_set_state_value -category Layout -key stand_wave_top_pos_y -value 34
gui_set_state_value -category Layout -key stand_wave_top_size_x -value 1919
gui_set_state_value -category Layout -key stand_wave_top_size_y -value 1007
gui_create_state_key -category FindDialog -key m_pMatchCase -value_type bool -value false
gui_create_state_key -category FindDialog -key m_pMatchWord -value_type bool -value false
gui_create_state_key -category FindDialog -key m_pUseCombo -value_type string -value {}
gui_create_state_key -category FindDialog -key m_pWrapAround -value_type bool -value true
gui_create_state_key -category Widget_History -key TopLevel.1|qt_left_dock|DockWnd2|DLPane.1|pages|Data.1|hbox|textfilter -value_type string -value {*io_out *sum* *mout* *sum*out*}
gui_create_state_key -category Widget_History -key dlgSearchValue|m_ValueComboBox -value_type string -value 129032
gui_create_state_key -category SearchDialog -key MatchCase -value_type bool -value false
gui_create_state_key -category SearchDialog -key MatchWord -value_type bool -value true
gui_create_state_key -category SearchDialog -key SearchMode -value_type string -value Wildcards
gui_create_state_key -category SearchDialog -key UseCombo -value_type bool -value true
gui_state_default_create -off

# Begin command logging
gui_set_pref_value -category {Globals} -key {smart_resize} -value {false}
gui_set_pref_value -category {Globals} -key {smart_resize} -value {true}
gui_sim_run Ucli -exe simv -args {-ucligui  } -dir .
gui_list_expand -id  Hier.1   tb_top
gui_list_select -id Hier.1 -current_item_name tb_top.DUT -current_item_type Scope  -selected  { tb_top.DUT   }
gui_list_select -id Hier.1 -current_item_name tb_top -current_item_type Scope  -selected  { tb_top   }
gui_list_select -id Data.1 -selected  { {tb_top.unnamed$$_0}   }
